Installing library in D:\Coding\projects\Mixed\xlang\compiler\.cabal\store\ghc-9.4.8\incoming\new-29752\Coding\\projects\\Mixed\\xlang\\compiler\\.cabal\store\ghc-9.4.8\optparse-appl_-0.19.0.0-d0842735bfb1f4a6f6079b9ee3423da6b1ef8874\lib
plicative\Help\Levenshtein.o )
[ 2 of 17] Compiling Options.Applicative.Help.Pretty ( src\Options\Applicative\Help\Pretty.hs, dist\build\Options\Applicative\Help\Pretty.o )
[ 3 of 17] Compiling Options.Applicative.Help.Chunk ( src\Options\Applicative\Help\Chunk.hs, dist\build\Options\Applicative\Help\Chunk.o )
[ 4 of 17] Compiling Options.Applicative.Help.Types ( src\Options\Applicative\Help\Types.hs, dist\build\Options\Applicative\Help\Types.o )
[ 5 of 17] Compiling Options.Applicative.Types ( src\Options\Applicative\Types.hs, dist\build\Options\Applicative\Types.o )

src\Options\Applicative\Types.hs:59:1: warning: [-Wdodgy-imports]
    Module ¡®Data.Semigroup¡¯ does not export ¡®Option¡¯
   |
59 | import Data.Semigroup hiding (Option)
   | ^^^^^^^^^^^^^^^^^^^^^^^^^^^^^^^^^^^^^
[ 6 of 17] Compiling Options.Applicative.NonEmpty ( src\Options\Applicative\NonEmpty.hs, dist\build\Options\Applicative\NonEmpty.o )
[ 7 of 17] Compiling Options.Applicative.Internal ( src\Options\Applicative\Internal.hs, dist\build\Options\Applicative\Internal.o )
[ 8 of 17] Compiling Options.Applicative.Common ( src\Options\Applicative\Common.hs, dist\build\Options\Applicative\Common.o )
[ 9 of 17] Compiling Options.Applicative.Help.Core ( src\Options\Applicative\Help\Core.hs, dist\build\Options\Applicative\Help\Core.o )
[10 of 17] Compiling Options.Applicative.Help ( src\Options\Applicative\Help.hs, dist\build\Options\Applicative\Help.o )
[11 of 17] Compiling Options.Applicative.Builder.Internal ( src\Options\Applicative\Builder\Internal.hs, dist\build\Options\Applicative\Builder\Internal.o )

src\Options\Applicative\Builder\Internal.hs:29:1: warning: [-Wdodgy-imports]
    Module ¡®Data.Semigroup¡¯ does not export ¡®Option¡¯
   |
29 | import Data.Semigroup hiding (Option)
   | ^^^^^^^^^^^^^^^^^^^^^^^^^^^^^^^^^^^^^
[12 of 17] Compiling Options.Applicative.Builder.Completer ( src\Options\Applicative\Builder\Completer.hs, dist\build\Options\Applicative\Builder\Completer.o )
[13 of 17] Compiling Options.Applicative.Builder ( src\Options\Applicative\Builder.hs, dist\build\Options\Applicative\Builder.o )
[14 of 17] Compiling Options.Applicative.BashCompletion ( src\Options\Applicative\BashCompletion.hs, dist\build\Options\Applicative\BashCompletion.o )

src\Options\Applicative\BashCompletion.hs:16:1: warning: [-Wunused-imports]
    The import of ¡®Data.Foldable¡¯ is redundant
      except perhaps to import instances from ¡®Data.Foldable¡¯
    To import instances alone, use: import Data.Foldable()
   |
16 | import Data.Foldable ( asum )
   | ^^^^^^^^^^^^^^^^^^^^^^^^^^^^^
[15 of 17] Compiling Options.Applicative.Extra ( src\Options\Applicative\Extra.hs, dist\build\Options\Applicative\Extra.o )
[16 of 17] Compiling Options.Applicative ( src\Options\Applicative.hs, dist\build\Options\Applicative.o )
[17 of 17] Compiling Options.Applicative.Arrows ( src\Options\Applicative\Arrows.hs, dist\build\Options\Applicative\Arrows.o )
