Installing library in D:\Coding\projects\Mixed\xlang\compiler\.cabal\store\ghc-9.4.8\incoming\new-29753\Coding\\projects\\Mixed\\xlang\\compiler\\.cabal\store\ghc-9.4.8\os-string-2.0.10-2a09de86653d648ebaf429f4a8bc7d5547a71e39\lib
ng\Data\ByteString\Short\Internal.o )
[ 2 of 11] Compiling System.OsString.Data.ByteString.Short ( System\OsString\Data\ByteString\Short.hs, dist\build\System\OsString\Data\ByteString\Short.o )
[ 3 of 11] Compiling System.OsString.Data.ByteString.Short.Word16 ( System\OsString\Data\ByteString\Short\Word16.hs, dist\build\System\OsString\Data\ByteString\Short\Word16.o )
[ 4 of 11] Compiling System.OsString.Internal.Exception ( System\OsString\Internal\Exception.hs, dist\build\System\OsString\Internal\Exception.o )
[ 5 of 11] Compiling System.OsString.Encoding.Internal ( System\OsString\Encoding\Internal.hs, dist\build\System\OsString\Encoding\Internal.o )

System\OsString\Encoding\Internal.hs:27:42: warning: [-Wunused-imports]
    The import of ¡®try¡¯ from module ¡®Control.Exception¡¯ is redundant
   |
27 | import Control.Exception (SomeException, try, Exception (displayException), evaluate)
   |                                          ^^^
[ 6 of 11] Compiling System.OsString.Encoding ( System\OsString\Encoding.hs, dist\build\System\OsString\Encoding.o )
[ 7 of 11] Compiling System.OsString.Internal.Types ( System\OsString\Internal\Types.hs, dist\build\System\OsString\Internal\Types.o )

System\OsString\Internal\Types.hs:38:42: warning: [-Wunused-imports]
    The import of ¡®coerceWith¡¯
    from module ¡®Data.Type.Coercion¡¯ is redundant
   |
38 | import Data.Type.Coercion (Coercion(..), coerceWith)
   |                                          ^^^^^^^^^^
[ 8 of 11] Compiling System.OsString.Posix ( System\OsString\Posix.hs, dist\build\System\OsString\Posix.o )
[ 9 of 11] Compiling System.OsString.Windows ( System\OsString\Windows.hs, dist\build\System\OsString\Windows.o )
[10 of 11] Compiling System.OsString.Internal ( System\OsString\Internal.hs, dist\build\System\OsString\Internal.o )
[11 of 11] Compiling System.OsString  ( System\OsString.hs, dist\build\System\OsString.o )
