Installing library in D:\Coding\projects\Mixed\xlang\compiler\.cabal\store\ghc-9.4.8\incoming\new-29753\Coding\\projects\\Mixed\\xlang\\compiler\\.cabal\store\ghc-9.4.8\prettyprinter-1.7.1-ca0e640ea2df516e57d979473770a2fc3de4b254\lib

[ 2 of 28] Compiling Prettyprinter.Internal ( src\Prettyprinter\Internal.hs, dist\build\Prettyprinter\Internal.o )
[ 3 of 28] Compiling Prettyprinter.Render.String ( src\Prettyprinter\Render\String.hs, dist\build\Prettyprinter\Render\String.o )
[ 4 of 28] Compiling Data.Text.Prettyprint.Doc.Render.String ( src\Data\Text\Prettyprint\Doc\Render\String.hs, dist\build\Data\Text\Prettyprint\Doc\Render\String.o )
[ 5 of 28] Compiling Prettyprinter.Internal.Type ( src\Prettyprinter\Internal\Type.hs, dist\build\Prettyprinter\Internal\Type.o )
[ 6 of 28] Compiling Data.Text.Prettyprint.Doc.Internal.Type ( src\Data\Text\Prettyprint\Doc\Internal\Type.hs, dist\build\Data\Text\Prettyprint\Doc\Internal\Type.o )
[ 7 of 28] Compiling Prettyprinter.Internal.Debug ( src\Prettyprinter\Internal\Debug.hs, dist\build\Prettyprinter\Internal\Debug.o )
[ 8 of 28] Compiling Data.Text.Prettyprint.Doc.Internal.Debug ( src\Data\Text\Prettyprint\Doc\Internal\Debug.hs, dist\build\Data\Text\Prettyprint\Doc\Internal\Debug.o )
[ 9 of 28] Compiling Data.Text.Prettyprint.Doc.Internal ( src\Data\Text\Prettyprint\Doc\Internal.hs, dist\build\Data\Text\Prettyprint\Doc\Internal.o )
[10 of 28] Compiling Data.Text.Prettyprint.Doc.Render.Util.Panic ( src\Data\Text\Prettyprint\Doc\Render\Util\Panic.hs, dist\build\Data\Text\Prettyprint\Doc\Render\Util\Panic.o )
[11 of 28] Compiling Prettyprinter.Render.Util.StackMachine ( src\Prettyprinter\Render\Util\StackMachine.hs, dist\build\Prettyprinter\Render\Util\StackMachine.o )
[12 of 28] Compiling Data.Text.Prettyprint.Doc.Render.Util.StackMachine ( src\Data\Text\Prettyprint\Doc\Render\Util\StackMachine.hs, dist\build\Data\Text\Prettyprint\Doc\Render\Util\StackMachine.o )
[13 of 28] Compiling Prettyprinter.Symbols.Ascii ( src\Prettyprinter\Symbols\Ascii.hs, dist\build\Prettyprinter\Symbols\Ascii.o )
[14 of 28] Compiling Prettyprinter    ( src\Prettyprinter.hs, dist\build\Prettyprinter.o )
[15 of 28] Compiling Prettyprinter.Render.Util.SimpleDocTree ( src\Prettyprinter\Render\Util\SimpleDocTree.hs, dist\build\Prettyprinter\Render\Util\SimpleDocTree.o )
[16 of 28] Compiling Data.Text.Prettyprint.Doc.Render.Util.SimpleDocTree ( src\Data\Text\Prettyprint\Doc\Render\Util\SimpleDocTree.hs, dist\build\Data\Text\Prettyprint\Doc\Render\Util\SimpleDocTree.o )
[17 of 28] Compiling Prettyprinter.Render.Tutorials.TreeRenderingTutorial ( src\Prettyprinter\Render\Tutorials\TreeRenderingTutorial.hs, dist\build\Prettyprinter\Render\Tutorials\TreeRenderingTutorial.o )
[18 of 28] Compiling Data.Text.Prettyprint.Doc.Render.Tutorials.TreeRenderingTutorial ( src\Data\Text\Prettyprint\Doc\Render\Tutorials\TreeRenderingTutorial.hs, dist\build\Data\Text\Prettyprint\Doc\Render\Tutorials\TreeRenderingTutorial.o )
[19 of 28] Compiling Prettyprinter.Render.Tutorials.StackMachineTutorial ( src\Prettyprinter\Render\Tutorials\StackMachineTutorial.hs, dist\build\Prettyprinter\Render\Tutorials\StackMachineTutorial.o )
[20 of 28] Compiling Data.Text.Prettyprint.Doc.Render.Tutorials.StackMachineTutorial ( src\Data\Text\Prettyprint\Doc\Render\Tutorials\StackMachineTutorial.hs, dist\build\Data\Text\Prettyprint\Doc\Render\Tutorials\StackMachineTutorial.o )

src\Data\Text\Prettyprint\Doc\Render\Tutorials\StackMachineTutorial.hs:7:1: warning: [-Wdeprecations]
    Module ˇ®Prettyprinter.Render.Tutorials.StackMachineTutorialˇŻ is deprecated:
      "Writing your own stack machine is probably more efficient and customizable; also consider using ?renderSimplyDecorated(A)? instead"
  |
7 | import Prettyprinter.Render.Tutorials.StackMachineTutorial
  | ^^^^^^^^^^^^^^^^^^^^^^^^^^^^^^^^^^^^^^^^^^^^^^^^^^^^^^^^^^
[21 of 28] Compiling Prettyprinter.Render.Text ( src\Prettyprinter\Render\Text.hs, dist\build\Prettyprinter\Render\Text.o )
[22 of 28] Compiling Data.Text.Prettyprint.Doc.Render.Text ( src\Data\Text\Prettyprint\Doc\Render\Text.hs, dist\build\Data\Text\Prettyprint\Doc\Render\Text.o )
[23 of 28] Compiling Data.Text.Prettyprint.Doc ( src\Data\Text\Prettyprint\Doc.hs, dist\build\Data\Text\Prettyprint\Doc.o )
[24 of 28] Compiling Data.Text.Prettyprint.Doc.Symbols.Ascii ( src\Data\Text\Prettyprint\Doc\Symbols\Ascii.hs, dist\build\Data\Text\Prettyprint\Doc\Symbols\Ascii.o )
[25 of 28] Compiling Prettyprinter.Symbols.Unicode ( src\Prettyprinter\Symbols\Unicode.hs, dist\build\Prettyprinter\Symbols\Unicode.o )
[26 of 28] Compiling Data.Text.Prettyprint.Doc.Symbols.Unicode ( src\Data\Text\Prettyprint\Doc\Symbols\Unicode.hs, dist\build\Data\Text\Prettyprint\Doc\Symbols\Unicode.o )
[27 of 28] Compiling Prettyprinter.Util ( src\Prettyprinter\Util.hs, dist\build\Prettyprinter\Util.o )
[28 of 28] Compiling Data.Text.Prettyprint.Doc.Util ( src\Data\Text\Prettyprint\Doc\Util.hs, dist\build\Data\Text\Prettyprint\Doc\Util.o )
