Installing library in D:\Coding\projects\Mixed\xlang\compiler\.cabal\store\ghc-9.4.8\incoming\new-29755\Coding\\projects\\Mixed\\xlang\\compiler\\.cabal\store\ghc-9.4.8\regex-base-0.94.0.3-736beb3dada5c77e15dffbaceb7daadca1b8936c\lib
ase.RegexLike ( src\Text\Regex\Base\RegexLike.hs, dist\build\Text\Regex\Base\RegexLike.o )
[3 of 5] Compiling Text.Regex.Base.Context ( src\Text\Regex\Base\Context.hs, dist\build\Text\Regex\Base\Context.o )

src\Text\Regex\Base\Context.hs:316:10: warning: [-Wincomplete-uni-patterns]
    Pattern match(es) are non-exhaustive
    In a pattern binding:
        Patterns of type ¡®[(b, (MatchOffset, MatchLength))]¡¯ not matched:
            []
    |
316 |      let ((whole,_):subs) = elems ma
    |          ^^^^^^^^^^^^^^^^^^^^^^^^^^^

src\Text\Regex\Base\Context.hs:329:41: warning: [-Wincomplete-uni-patterns]
    Pattern match(es) are non-exhaustive
    In a pattern binding:
        Patterns of type ¡®[(b, (MatchOffset, MatchLength))]¡¯ not matched:
            []
    |
329 |   matchM = actOn (\(pre,ma,post) -> let ((whole,_):_) = elems ma
    |                                         ^^^^^^^^^^^^^^^^^^^^^^^^

src\Text\Regex\Base\Context.hs:334:41: warning: [-Wincomplete-uni-patterns]
    Pattern match(es) are non-exhaustive
    In a pattern binding:
        Patterns of type ¡®[(b, (MatchOffset, MatchLength))]¡¯ not matched:
            []
    |
334 |   matchM = actOn (\(pre,ma,post) -> let ((whole,_):subs) = elems ma
    |                                         ^^^^^^^^^^^^^^^^^^^^^^^^^^^
[4 of 5] Compiling Text.Regex.Base  ( src\Text\Regex\Base.hs, dist\build\Text\Regex\Base.o )
[5 of 5] Compiling Text.Regex.Base.Impl ( src\Text\Regex\Base\Impl.hs, dist\build\Text\Regex\Base\Impl.o )
