Installing library in D:\Coding\projects\Mixed\xlang\compiler\.cabal\store\ghc-9.4.8\incoming\new-29752\Coding\\projects\\Mixed\\xlang\\compiler\\.cabal\store\ghc-9.4.8\semigroupoids-6.0.2-97781d69c78fc0fe57f42c646218767078c12b80\lib
.Foldable.Class ( src\Data\Semigroup\Foldable\Class.hs, dist\build\Data\Semigroup\Foldable\Class.o )
[ 3 of 27] Compiling Data.Traversable.Instances ( src\Data\Traversable\Instances.hs, dist\build\Data\Traversable\Instances.o )
[ 4 of 27] Compiling Semigroupoids.Internal ( src\Semigroupoids\Internal.hs, dist\build\Semigroupoids\Internal.o )
[ 5 of 27] Compiling Data.Functor.Bind.Class ( src\Data\Functor\Bind\Class.hs, dist\build\Data\Functor\Bind\Class.o )
[ 6 of 27] Compiling Data.Functor.Apply ( src\Data\Functor\Apply.hs, dist\build\Data\Functor\Apply.o )
[ 7 of 27] Compiling Data.Semigroup.Bifoldable ( src\Data\Semigroup\Bifoldable.hs, dist\build\Data\Semigroup\Bifoldable.o )
[ 8 of 27] Compiling Data.Functor.Contravariant.Divise ( src\Data\Functor\Contravariant\Divise.hs, dist\build\Data\Functor\Contravariant\Divise.o )
[ 9 of 27] Compiling Data.Functor.Contravariant.Decide ( src\Data\Functor\Contravariant\Decide.hs, dist\build\Data\Functor\Contravariant\Decide.o )
[10 of 27] Compiling Data.Functor.Contravariant.Conclude ( src\Data\Functor\Contravariant\Conclude.hs, dist\build\Data\Functor\Contravariant\Conclude.o )
[11 of 27] Compiling Data.Functor.Bind ( src\Data\Functor\Bind.hs, dist\build\Data\Functor\Bind.o )
[12 of 27] Compiling Data.Semigroupoid ( src\Data\Semigroupoid.hs, dist\build\Data\Semigroupoid.o )
[13 of 27] Compiling Data.Semigroupoid.Ob ( src\Data\Semigroupoid\Ob.hs, dist\build\Data\Semigroupoid\Ob.o )
[14 of 27] Compiling Data.Semigroupoid.Dual ( src\Data\Semigroupoid\Dual.hs, dist\build\Data\Semigroupoid\Dual.o )
[15 of 27] Compiling Data.Semigroupoid.Categorical ( src\Data\Semigroupoid\Categorical.hs, dist\build\Data\Semigroupoid\Categorical.o )
[16 of 27] Compiling Data.Groupoid    ( src\Data\Groupoid.hs, dist\build\Data\Groupoid.o )
[17 of 27] Compiling Data.Isomorphism ( src\Data\Isomorphism.hs, dist\build\Data\Isomorphism.o )
[18 of 27] Compiling Data.Functor.Bind.Trans ( src\Data\Functor\Bind\Trans.hs, dist\build\Data\Functor\Bind\Trans.o )
[19 of 27] Compiling Data.Bifunctor.Apply ( src\Data\Bifunctor\Apply.hs, dist\build\Data\Bifunctor\Apply.o )
[20 of 27] Compiling Data.Functor.Alt ( src\Data\Functor\Alt.hs, dist\build\Data\Functor\Alt.o )
[21 of 27] Compiling Data.Semigroup.Foldable ( src\Data\Semigroup\Foldable.hs, dist\build\Data\Semigroup\Foldable.o )
[22 of 27] Compiling Data.Semigroup.Traversable.Class ( src\Data\Semigroup\Traversable\Class.hs, dist\build\Data\Semigroup\Traversable\Class.o )
[23 of 27] Compiling Data.Semigroup.Traversable ( src\Data\Semigroup\Traversable.hs, dist\build\Data\Semigroup\Traversable.o )
[24 of 27] Compiling Data.Semigroup.Bitraversable ( src\Data\Semigroup\Bitraversable.hs, dist\build\Data\Semigroup\Bitraversable.o )
[25 of 27] Compiling Data.Functor.Plus ( src\Data\Functor\Plus.hs, dist\build\Data\Functor\Plus.o )
[26 of 27] Compiling Semigroupoids.Do ( src\Semigroupoids\Do.hs, dist\build\Semigroupoids\Do.o )
[27 of 27] Compiling Data.Semigroupoid.Static ( src\Data\Semigroupoid\Static.hs, dist\build\Data\Semigroupoid\Static.o )
