Installing library in D:\Coding\projects\Mixed\xlang\compiler\.cabal\store\ghc-9.4.8\incoming\new-29753\Coding\\projects\\Mixed\\xlang\\compiler\\.cabal\store\ghc-9.4.8\StateVar-1.2.2-27e50892aa94c232bd05181b1a4b88cb5dd663cb\lib
requires-operators]
    The use of ¡®~¡¯ without TypeOperators
    will become an error in a future GHC release.
    Suggested fix: Perhaps you intended to use TypeOperators
    |
220 |   default ($~) :: (MonadIO m, a ~ b, HasGetter t a) => t -> (a -> b) -> m ()
    |                                 ^

src\Data\StateVar.hs:226:34: warning: [-Wtype-equality-requires-operators]
    The use of ¡®~¡¯ without TypeOperators
    will become an error in a future GHC release.
    Suggested fix: Perhaps you intended to use TypeOperators
    |
226 |   default ($~!) :: (MonadIO m, a ~ b, HasGetter t a) => t -> (a -> b) -> m ()
    |                                  ^

src\Data\StateVar.hs:230:32: warning: [-Wtype-equality-requires-operators]
    The use of ¡®~¡¯ without TypeOperators
    will become an error in a future GHC release.
    Suggested fix: Perhaps you intended to use TypeOperators
    |
230 | defaultUpdate :: (MonadIO m, a ~ b, HasGetter t a, HasSetter t a) => t -> (a -> b) -> m ()
    |                                ^

src\Data\StateVar.hs:235:38: warning: [-Wtype-equality-requires-operators]
    The use of ¡®~¡¯ without TypeOperators
    will become an error in a future GHC release.
    Suggested fix: Perhaps you intended to use TypeOperators
    |
235 | defaultUpdateStrict :: (MonadIO m, a ~ b, HasGetter t a, HasSetter t a) => t -> (a -> b) -> m ()
    |                                      ^
