Installing library in D:\Coding\projects\Mixed\xlang\compiler\.cabal\store\ghc-9.4.8\incoming\new-29752\Coding\\projects\\Mixed\\xlang\\compiler\\.cabal\store\ghc-9.4.8\tasty-1.5.3-334008abf67288c22ea7d7eaf546a053b43d1405\lib
Options ( Test\Tasty\Options.hs, dist\build\Test\Tasty\Options.o )
[ 3 of 25] Compiling Test.Tasty.Parallel ( Test\Tasty\Parallel.hs, dist\build\Test\Tasty\Parallel.o )
[ 4 of 25] Compiling Test.Tasty.Patterns.Expr ( Test\Tasty\Patterns\Expr.hs, dist\build\Test\Tasty\Patterns\Expr.o )
[ 5 of 25] Compiling Test.Tasty.Patterns.Types ( Test\Tasty\Patterns\Types.hs, dist\build\Test\Tasty\Patterns\Types.o )
[ 6 of 25] Compiling Test.Tasty.Patterns.Printer ( Test\Tasty\Patterns\Printer.hs, dist\build\Test\Tasty\Patterns\Printer.o )
[ 7 of 25] Compiling Test.Tasty.Patterns.Parser ( Test\Tasty\Patterns\Parser.hs, dist\build\Test\Tasty\Patterns\Parser.o )
[ 8 of 25] Compiling Test.Tasty.Patterns.Eval ( Test\Tasty\Patterns\Eval.hs, dist\build\Test\Tasty\Patterns\Eval.o )
[ 9 of 25] Compiling Test.Tasty.Patterns ( Test\Tasty\Patterns.hs, dist\build\Test\Tasty\Patterns.o )
[10 of 25] Compiling Test.Tasty.Options.Core ( Test\Tasty\Options\Core.hs, dist\build\Test\Tasty\Options\Core.o )
[11 of 25] Compiling Test.Tasty.Providers.ConsoleFormat ( Test\Tasty\Providers\ConsoleFormat.hs, dist\build\Test\Tasty\Providers\ConsoleFormat.o )
[12 of 25] Compiling Test.Tasty.Core  ( Test\Tasty\Core.hs, dist\build\Test\Tasty\Core.o )
[13 of 25] Compiling Test.Tasty.Providers ( Test\Tasty\Providers.hs, dist\build\Test\Tasty\Providers.o )
[14 of 25] Compiling Test.Tasty.Runners.Reducers ( Test\Tasty\Runners\Reducers.hs, dist\build\Test\Tasty\Runners\Reducers.o )
[15 of 25] Compiling Test.Tasty.Runners.Utils ( Test\Tasty\Runners\Utils.hs, dist\build\Test\Tasty\Runners\Utils.o )

Test\Tasty\Runners\Utils.hs:8:1: warning: [-Wunused-imports]
    The import of ¡®Control.Concurrent¡¯ is redundant
      except perhaps to import instances from ¡®Control.Concurrent¡¯
    To import instances alone, use: import Control.Concurrent()
  |
8 | import Control.Concurrent (mkWeakThreadId, myThreadId)
  | ^^^^^^^^^^^^^^^^^^^^^^^^^^^^^^^^^^^^^^^^^^^^^^^^^^^^^^

Test\Tasty\Runners\Utils.hs:9:1: warning: [-Wunused-imports]
    The import of ¡®Control.Monad¡¯ is redundant
      except perhaps to import instances from ¡®Control.Monad¡¯
    To import instances alone, use: import Control.Monad()
  |
9 | import Control.Monad (forM_)
  | ^^^^^^^^^^^^^^^^^^^^^^^^^^^^
[16 of 25] Compiling Test.Tasty.Run   ( Test\Tasty\Run.hs, dist\build\Test\Tasty\Run.o )
[17 of 25] Compiling Test.Tasty.Ingredients ( Test\Tasty\Ingredients.hs, dist\build\Test\Tasty\Ingredients.o )
[18 of 25] Compiling Test.Tasty.Options.Env ( Test\Tasty\Options\Env.hs, dist\build\Test\Tasty\Options\Env.o )
[19 of 25] Compiling Test.Tasty.Ingredients.ListTests ( Test\Tasty\Ingredients\ListTests.hs, dist\build\Test\Tasty\Ingredients\ListTests.o )
[20 of 25] Compiling Test.Tasty.Ingredients.IncludingOptions ( Test\Tasty\Ingredients\IncludingOptions.hs, dist\build\Test\Tasty\Ingredients\IncludingOptions.o )
[21 of 25] Compiling Test.Tasty.Ingredients.ConsoleReporter ( Test\Tasty\Ingredients\ConsoleReporter.hs, dist\build\Test\Tasty\Ingredients\ConsoleReporter.o )
[22 of 25] Compiling Test.Tasty.Ingredients.Basic ( Test\Tasty\Ingredients\Basic.hs, dist\build\Test\Tasty\Ingredients\Basic.o )
[23 of 25] Compiling Test.Tasty.CmdLine ( Test\Tasty\CmdLine.hs, dist\build\Test\Tasty\CmdLine.o )
[24 of 25] Compiling Test.Tasty.Runners ( Test\Tasty\Runners.hs, dist\build\Test\Tasty\Runners.o )
[25 of 25] Compiling Test.Tasty       ( Test\Tasty.hs, dist\build\Test\Tasty.o )
