Installing library in D:\Coding\projects\Mixed\xlang\compiler\.cabal\store\ghc-9.4.8\incoming\new-29754\Coding\\projects\\Mixed\\xlang\\compiler\\.cabal\store\ghc-9.4.8\time-compat-1.9.9-dab5ad5d097f76066ddd7f25225a4dc8524a1382\lib
 src\Data\Time\Calendar\Quarter\Compat.hs, dist\build\Data\Time\Calendar\Quarter\Compat.o )
[ 3 of 21] Compiling Data.Time.Calendar.Types ( src\Data\Time\Calendar\Types.hs, dist\build\Data\Time\Calendar\Types.o )
[ 4 of 21] Compiling Data.Time.Orphans ( src\Data\Time\Orphans.hs, dist\build\Data\Time\Orphans.o )
[ 5 of 21] Compiling Data.Time.Format.ISO8601.Compat ( src\Data\Time\Format\ISO8601\Compat.hs, dist\build\Data\Time\Format\ISO8601\Compat.o )
[ 6 of 21] Compiling Data.Time.Format.Compat ( src\Data\Time\Format\Compat.hs, dist\build\Data\Time\Format\Compat.o )
[ 7 of 21] Compiling Data.Time.Clock.System.Compat ( src\Data\Time\Clock\System\Compat.hs, dist\build\Data\Time\Clock\System\Compat.o )
[ 8 of 21] Compiling Data.Time.Clock.POSIX.Compat ( src\Data\Time\Clock\POSIX\Compat.hs, dist\build\Data\Time\Clock\POSIX\Compat.o )
[ 9 of 21] Compiling Data.Time.Clock.Compat ( src\Data\Time\Clock\Compat.hs, dist\build\Data\Time\Clock\Compat.o )
[10 of 21] Compiling Data.Time.Calendar.WeekDate.Compat ( src\Data\Time\Calendar\WeekDate\Compat.hs, dist\build\Data\Time\Calendar\WeekDate\Compat.o )
[11 of 21] Compiling Data.Time.Calendar.Private ( src\Data\Time\Calendar\Private.hs, dist\build\Data\Time\Calendar\Private.o )
[12 of 21] Compiling Data.Time.Calendar.DayPeriod ( src\Data\Time\Calendar\DayPeriod.hs, dist\build\Data\Time\Calendar\DayPeriod.o )
[13 of 21] Compiling Data.Time.Calendar.Month.Compat ( src\Data\Time\Calendar\Month\Compat.hs, dist\build\Data\Time\Calendar\Month\Compat.o )
[14 of 21] Compiling Data.Time.Calendar.OrdinalDate.Compat ( src\Data\Time\Calendar\OrdinalDate\Compat.hs, dist\build\Data\Time\Calendar\OrdinalDate\Compat.o )
[15 of 21] Compiling Data.Time.Calendar.MonthDay.Compat ( src\Data\Time\Calendar\MonthDay\Compat.hs, dist\build\Data\Time\Calendar\MonthDay\Compat.o )
[16 of 21] Compiling Data.Time.Calendar.Easter.Compat ( src\Data\Time\Calendar\Easter\Compat.hs, dist\build\Data\Time\Calendar\Easter\Compat.o )
[17 of 21] Compiling Data.Time.Calendar.Compat ( src\Data\Time\Calendar\Compat.hs, dist\build\Data\Time\Calendar\Compat.o )
[18 of 21] Compiling Data.Time.LocalTime.Compat ( src\Data\Time\LocalTime\Compat.hs, dist\build\Data\Time\LocalTime\Compat.o )
[19 of 21] Compiling Data.Time.Compat ( src\Data\Time\Compat.hs, dist\build\Data\Time\Compat.o )
[20 of 21] Compiling Data.Time.Clock.TAI.Compat ( src\Data\Time\Clock\TAI\Compat.hs, dist\build\Data\Time\Clock\TAI\Compat.o )
[21 of 21] Compiling Data.Time.Calendar.Julian.Compat ( src\Data\Time\Calendar\Julian\Compat.hs, dist\build\Data\Time\Calendar\Julian\Compat.o )
