Installing library in D:\Coding\projects\Mixed\xlang\compiler\.cabal\store\ghc-9.4.8\incoming\new-29752\Coding\\projects\\Mixed\\xlang\\compiler\\.cabal\store\ghc-9.4.8\vector-0.13.2.0-fa004ebf53c41a50cf732c0b172cc556c26788b8\lib
)
[ 2 of 23] Compiling Data.Vector.Fusion.Util ( src\Data\Vector\Fusion\Util.hs, dist\build\Data\Vector\Fusion\Util.o )
[ 3 of 23] Compiling Data.Vector.Fusion.Bundle.Size ( src\Data\Vector\Fusion\Bundle\Size.hs, dist\build\Data\Vector\Fusion\Bundle\Size.o )
[ 4 of 23] Compiling Data.Vector.Generic.Mutable.Base ( src\Data\Vector\Generic\Mutable\Base.hs, dist\build\Data\Vector\Generic\Mutable\Base.o )
[ 5 of 23] Compiling Data.Vector.Generic.Base ( src\Data\Vector\Generic\Base.hs, dist\build\Data\Vector\Generic\Base.o )
[ 6 of 23] Compiling Data.Vector.Internal.Check ( src\Data\Vector\Internal\Check.hs, dist\build\Data\Vector\Internal\Check.o )
[ 7 of 23] Compiling Data.Vector.Fusion.Bundle.Monadic ( src\Data\Vector\Fusion\Bundle\Monadic.hs, dist\build\Data\Vector\Fusion\Bundle\Monadic.o )
[ 8 of 23] Compiling Data.Vector.Fusion.Bundle ( src\Data\Vector\Fusion\Bundle.hs, dist\build\Data\Vector\Fusion\Bundle.o )
[ 9 of 23] Compiling Data.Vector.Generic.Mutable ( src\Data\Vector\Generic\Mutable.hs, dist\build\Data\Vector\Generic\Mutable.o )
[10 of 23] Compiling Data.Vector.Generic.New ( src\Data\Vector\Generic\New.hs, dist\build\Data\Vector\Generic\New.o )
[11 of 23] Compiling Data.Vector.Generic ( src\Data\Vector\Generic.hs, dist\build\Data\Vector\Generic.o )
[12 of 23] Compiling Data.Vector.Mutable ( src\Data\Vector\Mutable.hs, dist\build\Data\Vector\Mutable.o )
[13 of 23] Compiling Data.Vector      ( src\Data\Vector.hs, dist\build\Data\Vector.o )
[14 of 23] Compiling Data.Vector.Primitive.Mutable ( src\Data\Vector\Primitive\Mutable.hs, dist\build\Data\Vector\Primitive\Mutable.o )
[15 of 23] Compiling Data.Vector.Primitive ( src\Data\Vector\Primitive.hs, dist\build\Data\Vector\Primitive.o )
[16 of 23] Compiling Data.Vector.Storable.Internal ( src\Data\Vector\Storable\Internal.hs, dist\build\Data\Vector\Storable\Internal.o )
[17 of 23] Compiling Data.Vector.Storable.Mutable ( src\Data\Vector\Storable\Mutable.hs, dist\build\Data\Vector\Storable\Mutable.o )
[18 of 23] Compiling Data.Vector.Storable ( src\Data\Vector\Storable.hs, dist\build\Data\Vector\Storable.o )
[19 of 23] Compiling Data.Vector.Strict.Mutable ( src\Data\Vector\Strict\Mutable.hs, dist\build\Data\Vector\Strict\Mutable.o )
[20 of 23] Compiling Data.Vector.Strict ( src\Data\Vector\Strict.hs, dist\build\Data\Vector\Strict.o )
[21 of 23] Compiling Data.Vector.Unboxed.Base ( src\Data\Vector\Unboxed\Base.hs, dist\build\Data\Vector\Unboxed\Base.o )
[22 of 23] Compiling Data.Vector.Unboxed ( src\Data\Vector\Unboxed.hs, dist\build\Data\Vector\Unboxed.o )
[23 of 23] Compiling Data.Vector.Unboxed.Mutable ( src\Data\Vector\Unboxed\Mutable.hs, dist\build\Data\Vector\Unboxed\Mutable.o )
